<?xml version="1.0" encoding="UTF-8" standalone="no"?>
<testsuite failures="0" name="cucumber.runtime.formatter.JUnitFormatter" skipped="0" tests="1" time="16.407323">
<testcase classname="Search product test" name="search product" time="16.407323">
<system-out><![CDATA[Given user is on homepage...................................................passed
When user mousehover on Women tab and clicks on tshirts.....................passed
Then user will get Text of the first product in the page....................passed
When user enters the product name and clicks on submit button...............passed
Then user will  Validate that same product is displayed on searched page by taking screenshot.passed
]]></system-out>
</testcase>
</testsuite>
